d:\program files (x86)\funcode\games\shapestest\sourcecode\vcproject2010\vcproject2010\debug\vc141.pdb
d:\program files (x86)\funcode\games\shapestest\sourcecode\vcproject2010\vcproject2010\debug\vc141.idb
d:\program files (x86)\funcode\games\shapestest\sourcecode\vcproject2010\vcproject2010\debug\jsoncpp.obj
d:\program files (x86)\funcode\games\shapestest\sourcecode\vcproject2010\vcproject2010\debug\hitobject.obj
d:\program files (x86)\funcode\games\shapestest\sourcecode\vcproject2010\vcproject2010\debug\lessonx.obj
d:\program files (x86)\funcode\games\shapestest\sourcecode\vcproject2010\vcproject2010\debug\level.obj
d:\program files (x86)\funcode\games\shapestest\sourcecode\vcproject2010\vcproject2010\debug\main.obj
d:\program files (x86)\funcode\games\shapestest\sourcecode\vcproject2010\vcproject2010\debug\player.obj
d:\program files (x86)\funcode\games\shapestest\bin\game.exe
d:\program files (x86)\funcode\games\shapestest\sourcecode\vcproject2010\vcproject2010\debug\game.pdb
d:\program files (x86)\funcode\games\shapestest\sourcecode\vcproject2010\vcproject2010\debug\vctemplate.res
d:\program files (x86)\funcode\games\shapestest\sourcecode\vcproject2010\vcproject2010\..\..\..\bin\game.exe
d:\program files (x86)\funcode\games\shapestest\sourcecode\vcproject2010\vcproject2010\debug\vcproject2010.tlog\cl.command.1.tlog
d:\program files (x86)\funcode\games\shapestest\sourcecode\vcproject2010\vcproject2010\debug\vcproject2010.tlog\cl.read.1.tlog
d:\program files (x86)\funcode\games\shapestest\sourcecode\vcproject2010\vcproject2010\debug\vcproject2010.tlog\cl.write.1.tlog
d:\program files (x86)\funcode\games\shapestest\sourcecode\vcproject2010\vcproject2010\debug\vcproject2010.tlog\link.command.1.tlog
d:\program files (x86)\funcode\games\shapestest\sourcecode\vcproject2010\vcproject2010\debug\vcproject2010.tlog\link.read.1.tlog
d:\program files (x86)\funcode\games\shapestest\sourcecode\vcproject2010\vcproject2010\debug\vcproject2010.tlog\link.write.1.tlog
d:\program files (x86)\funcode\games\shapestest\sourcecode\vcproject2010\vcproject2010\debug\vcproject2010.tlog\rc.command.1.tlog
d:\program files (x86)\funcode\games\shapestest\sourcecode\vcproject2010\vcproject2010\debug\vcproject2010.tlog\rc.read.1.tlog
d:\program files (x86)\funcode\games\shapestest\sourcecode\vcproject2010\vcproject2010\debug\vcproject2010.tlog\rc.write.1.tlog
