  HitObject.cpp
d:\program files (x86)\funcode\games\shapestest\sourcecode\header\dist\json\json.h(1385): warning C4996: 'Json::Reader::Char': Use CharReader and CharReaderBuilder instead
  d:\program files (x86)\funcode\games\shapestest\sourcecode\header\dist\json\json.h(1384): note: 参见“Json::Reader::Char”的声明
d:\program files (x86)\funcode\games\shapestest\sourcecode\header\dist\json\json.h(1528): warning C4996: 'Json::Reader::Location': Use CharReader and CharReaderBuilder instead
  d:\program files (x86)\funcode\games\shapestest\sourcecode\header\dist\json\json.h(1385): note: 参见“Json::Reader::Location”的声明
d:\program files (x86)\funcode\games\shapestest\sourcecode\header\dist\json\json.h(1529): warning C4996: 'Json::Reader::Location': Use CharReader and CharReaderBuilder instead
  d:\program files (x86)\funcode\games\shapestest\sourcecode\header\dist\json\json.h(1385): note: 参见“Json::Reader::Location”的声明
d:\program files (x86)\funcode\games\shapestest\sourcecode\header\dist\json\json.h(1536): warning C4996: 'Json::Reader::Location': Use CharReader and CharReaderBuilder instead
  d:\program files (x86)\funcode\games\shapestest\sourcecode\header\dist\json\json.h(1385): note: 参见“Json::Reader::Location”的声明
d:\program files (x86)\funcode\games\shapestest\sourcecode\header\dist\json\json.h(1543): warning C4996: 'Json::Reader::Location': Use CharReader and CharReaderBuilder instead
  d:\program files (x86)\funcode\games\shapestest\sourcecode\header\dist\json\json.h(1385): note: 参见“Json::Reader::Location”的声明
d:\program files (x86)\funcode\games\shapestest\sourcecode\header\dist\json\json.h(1559): warning C4996: 'Json::Reader::Location': Use CharReader and CharReaderBuilder instead
  d:\program files (x86)\funcode\games\shapestest\sourcecode\header\dist\json\json.h(1385): note: 参见“Json::Reader::Location”的声明
d:\program files (x86)\funcode\games\shapestest\sourcecode\header\dist\json\json.h(1560): warning C4996: 'Json::Reader::Location': Use CharReader and CharReaderBuilder instead
  d:\program files (x86)\funcode\games\shapestest\sourcecode\header\dist\json\json.h(1385): note: 参见“Json::Reader::Location”的声明
d:\program files (x86)\funcode\games\shapestest\sourcecode\header\dist\json\json.h(1563): warning C4996: 'Json::Reader::Location': Use CharReader and CharReaderBuilder instead
  d:\program files (x86)\funcode\games\shapestest\sourcecode\header\dist\json\json.h(1385): note: 参见“Json::Reader::Location”的声明
d:\program files (x86)\funcode\games\shapestest\sourcecode\header\dist\json\json.h(1564): warning C4996: 'Json::Reader::Location': Use CharReader and CharReaderBuilder instead
  d:\program files (x86)\funcode\games\shapestest\sourcecode\header\dist\json\json.h(1385): note: 参见“Json::Reader::Location”的声明
d:\program files (x86)\funcode\games\shapestest\sourcecode\header\dist\json\json.h(1566): warning C4996: 'Json::Reader::Location': Use CharReader and CharReaderBuilder instead
  d:\program files (x86)\funcode\games\shapestest\sourcecode\header\dist\json\json.h(1385): note: 参见“Json::Reader::Location”的声明
d:\program files (x86)\funcode\games\shapestest\sourcecode\header\dist\json\json.h(1573): warning C4996: 'Json::Reader::Char': Use CharReader and CharReaderBuilder instead
  d:\program files (x86)\funcode\games\shapestest\sourcecode\header\dist\json\json.h(1384): note: 参见“Json::Reader::Char”的声明
d:\program files (x86)\funcode\games\shapestest\sourcecode\header\dist\json\json.h(1575): warning C4996: 'Json::Reader::Location': Use CharReader and CharReaderBuilder instead
  d:\program files (x86)\funcode\games\shapestest\sourcecode\header\dist\json\json.h(1385): note: 参见“Json::Reader::Location”的声明
d:\program files (x86)\funcode\games\shapestest\sourcecode\header\dist\json\json.h(1576): warning C4996: 'Json::Reader::Location': Use CharReader and CharReaderBuilder instead
  d:\program files (x86)\funcode\games\shapestest\sourcecode\header\dist\json\json.h(1385): note: 参见“Json::Reader::Location”的声明
d:\program files (x86)\funcode\games\shapestest\sourcecode\header\dist\json\json.h(1577): warning C4996: 'Json::Reader::Location': Use CharReader and CharReaderBuilder instead
  d:\program files (x86)\funcode\games\shapestest\sourcecode\header\dist\json\json.h(1385): note: 参见“Json::Reader::Location”的声明
d:\program files (x86)\funcode\games\shapestest\sourcecode\header\dist\json\json.h(1580): warning C4996: 'Json::Reader::Location': Use CharReader and CharReaderBuilder instead
  d:\program files (x86)\funcode\games\shapestest\sourcecode\header\dist\json\json.h(1385): note: 参见“Json::Reader::Location”的声明
d:\program files (x86)\funcode\games\shapestest\sourcecode\header\dist\json\json.h(1581): warning C4996: 'Json::Reader::Location': Use CharReader and CharReaderBuilder instead
  d:\program files (x86)\funcode\games\shapestest\sourcecode\header\dist\json\json.h(1385): note: 参见“Json::Reader::Location”的声明
d:\program files (x86)\funcode\games\shapestest\sourcecode\header\dist\json\json.h(1584): warning C4996: 'Json::Reader::Nodes': Use CharReader and CharReaderBuilder instead
  d:\program files (x86)\funcode\games\shapestest\sourcecode\header\dist\json\json.h(1583): note: 参见“Json::Reader::Nodes”的声明
d:\program files (x86)\funcode\games\shapestest\sourcecode\header\dist\json\json.h(1585): warning C4996: 'Json::Reader::Errors': Use CharReader and CharReaderBuilder instead
  d:\program files (x86)\funcode\games\shapestest\sourcecode\header\dist\json\json.h(1539): note: 参见“Json::Reader::Errors”的声明
d:\program files (x86)\funcode\games\shapestest\sourcecode\header\dist\json\json.h(1587): warning C4996: 'Json::Reader::Location': Use CharReader and CharReaderBuilder instead
  d:\program files (x86)\funcode\games\shapestest\sourcecode\header\dist\json\json.h(1385): note: 参见“Json::Reader::Location”的声明
d:\program files (x86)\funcode\games\shapestest\sourcecode\header\dist\json\json.h(1588): warning C4996: 'Json::Reader::Location': Use CharReader and CharReaderBuilder instead
  d:\program files (x86)\funcode\games\shapestest\sourcecode\header\dist\json\json.h(1385): note: 参见“Json::Reader::Location”的声明
d:\program files (x86)\funcode\games\shapestest\sourcecode\header\dist\json\json.h(1589): warning C4996: 'Json::Reader::Location': Use CharReader and CharReaderBuilder instead
  d:\program files (x86)\funcode\games\shapestest\sourcecode\header\dist\json\json.h(1385): note: 参见“Json::Reader::Location”的声明
d:\program files (x86)\funcode\games\shapestest\sourcecode\header\dist\json\json.h(1590): warning C4996: 'Json::Reader::Location': Use CharReader and CharReaderBuilder instead
  d:\program files (x86)\funcode\games\shapestest\sourcecode\header\dist\json\json.h(1385): note: 参见“Json::Reader::Location”的声明
d:\program files (x86)\funcode\games\shapestest\sourcecode\header\effects.h(36): warning C4018: “<”: 有符号/无符号不匹配
d:\program files (x86)\funcode\games\shapestest\sourcecode\header\stdeffects\effect_fade.h(8): warning C4018: “<”: 有符号/无符号不匹配
d:\program files (x86)\funcode\games\shapestest\sourcecode\header\stdeffects\effect_fade.h(9): warning C4305: “参数”: 从“double”到“float”截断
d:\program files (x86)\funcode\games\shapestest\sourcecode\header\stdeffects\effect_fade.h(9): warning C4244: “参数”: 从“int”转换到“float”，可能丢失数据
d:\program files (x86)\funcode\games\shapestest\sourcecode\header\stdeffects\effect_fade.h(24): warning C4018: “<”: 有符号/无符号不匹配
d:\program files (x86)\funcode\games\shapestest\sourcecode\header\stdeffects\effect_fade.h(25): warning C4305: “参数”: 从“double”到“float”截断
d:\program files (x86)\funcode\games\shapestest\sourcecode\header\stdeffects\effect_fade.h(25): warning C4244: “参数”: 从“int”转换到“float”，可能丢失数据
d:\program files (x86)\funcode\games\shapestest\sourcecode\header\stdeffects\effect_fade.h(25): warning C4244: “参数”: 从“float”转换到“const int”，可能丢失数据
d:\program files (x86)\funcode\games\shapestest\sourcecode\header\stdeffects\effect_fade.h(39): warning C4018: “<”: 有符号/无符号不匹配
d:\program files (x86)\funcode\games\shapestest\sourcecode\header\stdeffects\effect_fade.h(40): warning C4305: “参数”: 从“double”到“float”截断
d:\program files (x86)\funcode\games\shapestest\sourcecode\header\stdeffects\effect_fade.h(40): warning C4244: “参数”: 从“int”转换到“float”，可能丢失数据
d:\program files (x86)\funcode\games\shapestest\sourcecode\header\stdeffects\effect_fade.h(41): warning C4244: “参数”: 从“int”转换到“float”，可能丢失数据
d:\program files (x86)\funcode\games\shapestest\sourcecode\header\stdeffects\effect_pos.h(9): warning C4018: “<”: 有符号/无符号不匹配
d:\program files (x86)\funcode\games\shapestest\sourcecode\header\stdeffects\effect_pos.h(10): warning C4305: “参数”: 从“double”到“float”截断
d:\program files (x86)\funcode\games\shapestest\sourcecode\header\stdeffects\effect_pos.h(10): warning C4244: “参数”: 从“int”转换到“const float”，可能丢失数据
d:\program files (x86)\funcode\games\shapestest\sourcecode\header\stdeffects\effect_pos.h(23): warning C4018: “<”: 有符号/无符号不匹配
d:\program files (x86)\funcode\games\shapestest\sourcecode\header\stdeffects\effect_pos.h(24): warning C4305: “参数”: 从“double”到“float”截断
d:\program files (x86)\funcode\games\shapestest\sourcecode\header\stdeffects\effect_pos.h(24): warning C4244: “参数”: 从“int”转换到“const float”，可能丢失数据
d:\program files (x86)\funcode\games\shapestest\sourcecode\header\stdeffects\effect_size.h(8): warning C4018: “<”: 有符号/无符号不匹配
d:\program files (x86)\funcode\games\shapestest\sourcecode\header\stdeffects\effect_size.h(9): warning C4305: “参数”: 从“double”到“float”截断
d:\program files (x86)\funcode\games\shapestest\sourcecode\header\stdeffects\effect_size.h(9): warning C4244: “参数”: 从“int”转换到“const float”，可能丢失数据
d:\program files (x86)\funcode\games\shapestest\sourcecode\header\stdeffects\effect_size.h(21): warning C4018: “<”: 有符号/无符号不匹配
d:\program files (x86)\funcode\games\shapestest\sourcecode\header\stdeffects\effect_size.h(22): warning C4305: “参数”: 从“double”到“float”截断
d:\program files (x86)\funcode\games\shapestest\sourcecode\header\stdeffects\effect_size.h(22): warning C4244: “参数”: 从“int”转换到“const float”，可能丢失数据
  正在生成代码...
  正在编译...
  Player.cpp
  Main.cpp
d:\program files (x86)\funcode\games\shapestest\sourcecode\header\dist\json\json.h(1385): warning C4996: 'Json::Reader::Char': Use CharReader and CharReaderBuilder instead
  d:\program files (x86)\funcode\games\shapestest\sourcecode\header\dist\json\json.h(1384): note: 参见“Json::Reader::Char”的声明
d:\program files (x86)\funcode\games\shapestest\sourcecode\header\dist\json\json.h(1528): warning C4996: 'Json::Reader::Location': Use CharReader and CharReaderBuilder instead
  d:\program files (x86)\funcode\games\shapestest\sourcecode\header\dist\json\json.h(1385): note: 参见“Json::Reader::Location”的声明
d:\program files (x86)\funcode\games\shapestest\sourcecode\header\dist\json\json.h(1529): warning C4996: 'Json::Reader::Location': Use CharReader and CharReaderBuilder instead
  d:\program files (x86)\funcode\games\shapestest\sourcecode\header\dist\json\json.h(1385): note: 参见“Json::Reader::Location”的声明
d:\program files (x86)\funcode\games\shapestest\sourcecode\header\dist\json\json.h(1536): warning C4996: 'Json::Reader::Location': Use CharReader and CharReaderBuilder instead
  d:\program files (x86)\funcode\games\shapestest\sourcecode\header\dist\json\json.h(1385): note: 参见“Json::Reader::Location”的声明
d:\program files (x86)\funcode\games\shapestest\sourcecode\header\dist\json\json.h(1543): warning C4996: 'Json::Reader::Location': Use CharReader and CharReaderBuilder instead
  d:\program files (x86)\funcode\games\shapestest\sourcecode\header\dist\json\json.h(1385): note: 参见“Json::Reader::Location”的声明
d:\program files (x86)\funcode\games\shapestest\sourcecode\header\dist\json\json.h(1559): warning C4996: 'Json::Reader::Location': Use CharReader and CharReaderBuilder instead
  d:\program files (x86)\funcode\games\shapestest\sourcecode\header\dist\json\json.h(1385): note: 参见“Json::Reader::Location”的声明
d:\program files (x86)\funcode\games\shapestest\sourcecode\header\dist\json\json.h(1560): warning C4996: 'Json::Reader::Location': Use CharReader and CharReaderBuilder instead
  d:\program files (x86)\funcode\games\shapestest\sourcecode\header\dist\json\json.h(1385): note: 参见“Json::Reader::Location”的声明
d:\program files (x86)\funcode\games\shapestest\sourcecode\header\dist\json\json.h(1563): warning C4996: 'Json::Reader::Location': Use CharReader and CharReaderBuilder instead
  d:\program files (x86)\funcode\games\shapestest\sourcecode\header\dist\json\json.h(1385): note: 参见“Json::Reader::Location”的声明
d:\program files (x86)\funcode\games\shapestest\sourcecode\header\dist\json\json.h(1564): warning C4996: 'Json::Reader::Location': Use CharReader and CharReaderBuilder instead
  d:\program files (x86)\funcode\games\shapestest\sourcecode\header\dist\json\json.h(1385): note: 参见“Json::Reader::Location”的声明
d:\program files (x86)\funcode\games\shapestest\sourcecode\header\dist\json\json.h(1566): warning C4996: 'Json::Reader::Location': Use CharReader and CharReaderBuilder instead
  d:\program files (x86)\funcode\games\shapestest\sourcecode\header\dist\json\json.h(1385): note: 参见“Json::Reader::Location”的声明
d:\program files (x86)\funcode\games\shapestest\sourcecode\header\dist\json\json.h(1573): warning C4996: 'Json::Reader::Char': Use CharReader and CharReaderBuilder instead
  d:\program files (x86)\funcode\games\shapestest\sourcecode\header\dist\json\json.h(1384): note: 参见“Json::Reader::Char”的声明
d:\program files (x86)\funcode\games\shapestest\sourcecode\header\dist\json\json.h(1575): warning C4996: 'Json::Reader::Location': Use CharReader and CharReaderBuilder instead
  d:\program files (x86)\funcode\games\shapestest\sourcecode\header\dist\json\json.h(1385): note: 参见“Json::Reader::Location”的声明
d:\program files (x86)\funcode\games\shapestest\sourcecode\header\dist\json\json.h(1576): warning C4996: 'Json::Reader::Location': Use CharReader and CharReaderBuilder instead
  d:\program files (x86)\funcode\games\shapestest\sourcecode\header\dist\json\json.h(1385): note: 参见“Json::Reader::Location”的声明
d:\program files (x86)\funcode\games\shapestest\sourcecode\header\dist\json\json.h(1577): warning C4996: 'Json::Reader::Location': Use CharReader and CharReaderBuilder instead
  d:\program files (x86)\funcode\games\shapestest\sourcecode\header\dist\json\json.h(1385): note: 参见“Json::Reader::Location”的声明
d:\program files (x86)\funcode\games\shapestest\sourcecode\header\dist\json\json.h(1580): warning C4996: 'Json::Reader::Location': Use CharReader and CharReaderBuilder instead
  d:\program files (x86)\funcode\games\shapestest\sourcecode\header\dist\json\json.h(1385): note: 参见“Json::Reader::Location”的声明
d:\program files (x86)\funcode\games\shapestest\sourcecode\header\dist\json\json.h(1581): warning C4996: 'Json::Reader::Location': Use CharReader and CharReaderBuilder instead
  d:\program files (x86)\funcode\games\shapestest\sourcecode\header\dist\json\json.h(1385): note: 参见“Json::Reader::Location”的声明
d:\program files (x86)\funcode\games\shapestest\sourcecode\header\dist\json\json.h(1584): warning C4996: 'Json::Reader::Nodes': Use CharReader and CharReaderBuilder instead
  d:\program files (x86)\funcode\games\shapestest\sourcecode\header\dist\json\json.h(1583): note: 参见“Json::Reader::Nodes”的声明
d:\program files (x86)\funcode\games\shapestest\sourcecode\header\dist\json\json.h(1585): warning C4996: 'Json::Reader::Errors': Use CharReader and CharReaderBuilder instead
  d:\program files (x86)\funcode\games\shapestest\sourcecode\header\dist\json\json.h(1539): note: 参见“Json::Reader::Errors”的声明
d:\program files (x86)\funcode\games\shapestest\sourcecode\header\dist\json\json.h(1587): warning C4996: 'Json::Reader::Location': Use CharReader and CharReaderBuilder instead
  d:\program files (x86)\funcode\games\shapestest\sourcecode\header\dist\json\json.h(1385): note: 参见“Json::Reader::Location”的声明
d:\program files (x86)\funcode\games\shapestest\sourcecode\header\dist\json\json.h(1588): warning C4996: 'Json::Reader::Location': Use CharReader and CharReaderBuilder instead
  d:\program files (x86)\funcode\games\shapestest\sourcecode\header\dist\json\json.h(1385): note: 参见“Json::Reader::Location”的声明
d:\program files (x86)\funcode\games\shapestest\sourcecode\header\dist\json\json.h(1589): warning C4996: 'Json::Reader::Location': Use CharReader and CharReaderBuilder instead
  d:\program files (x86)\funcode\games\shapestest\sourcecode\header\dist\json\json.h(1385): note: 参见“Json::Reader::Location”的声明
d:\program files (x86)\funcode\games\shapestest\sourcecode\header\dist\json\json.h(1590): warning C4996: 'Json::Reader::Location': Use CharReader and CharReaderBuilder instead
  d:\program files (x86)\funcode\games\shapestest\sourcecode\header\dist\json\json.h(1385): note: 参见“Json::Reader::Location”的声明
d:\program files (x86)\funcode\games\shapestest\sourcecode\header\effects.h(36): warning C4018: “<”: 有符号/无符号不匹配
d:\program files (x86)\funcode\games\shapestest\sourcecode\header\stdeffects\effect_fade.h(8): warning C4018: “<”: 有符号/无符号不匹配
d:\program files (x86)\funcode\games\shapestest\sourcecode\header\stdeffects\effect_fade.h(9): warning C4305: “参数”: 从“double”到“float”截断
d:\program files (x86)\funcode\games\shapestest\sourcecode\header\stdeffects\effect_fade.h(9): warning C4244: “参数”: 从“int”转换到“float”，可能丢失数据
d:\program files (x86)\funcode\games\shapestest\sourcecode\header\stdeffects\effect_fade.h(24): warning C4018: “<”: 有符号/无符号不匹配
d:\program files (x86)\funcode\games\shapestest\sourcecode\header\stdeffects\effect_fade.h(25): warning C4305: “参数”: 从“double”到“float”截断
d:\program files (x86)\funcode\games\shapestest\sourcecode\header\stdeffects\effect_fade.h(25): warning C4244: “参数”: 从“int”转换到“float”，可能丢失数据
d:\program files (x86)\funcode\games\shapestest\sourcecode\header\stdeffects\effect_fade.h(25): warning C4244: “参数”: 从“float”转换到“const int”，可能丢失数据
d:\program files (x86)\funcode\games\shapestest\sourcecode\header\stdeffects\effect_fade.h(39): warning C4018: “<”: 有符号/无符号不匹配
d:\program files (x86)\funcode\games\shapestest\sourcecode\header\stdeffects\effect_fade.h(40): warning C4305: “参数”: 从“double”到“float”截断
d:\program files (x86)\funcode\games\shapestest\sourcecode\header\stdeffects\effect_fade.h(40): warning C4244: “参数”: 从“int”转换到“float”，可能丢失数据
d:\program files (x86)\funcode\games\shapestest\sourcecode\header\stdeffects\effect_fade.h(41): warning C4244: “参数”: 从“int”转换到“float”，可能丢失数据
d:\program files (x86)\funcode\games\shapestest\sourcecode\header\stdeffects\effect_pos.h(9): warning C4018: “<”: 有符号/无符号不匹配
d:\program files (x86)\funcode\games\shapestest\sourcecode\header\stdeffects\effect_pos.h(10): warning C4305: “参数”: 从“double”到“float”截断
d:\program files (x86)\funcode\games\shapestest\sourcecode\header\stdeffects\effect_pos.h(10): warning C4244: “参数”: 从“int”转换到“const float”，可能丢失数据
d:\program files (x86)\funcode\games\shapestest\sourcecode\header\stdeffects\effect_pos.h(23): warning C4018: “<”: 有符号/无符号不匹配
d:\program files (x86)\funcode\games\shapestest\sourcecode\header\stdeffects\effect_pos.h(24): warning C4305: “参数”: 从“double”到“float”截断
d:\program files (x86)\funcode\games\shapestest\sourcecode\header\stdeffects\effect_pos.h(24): warning C4244: “参数”: 从“int”转换到“const float”，可能丢失数据
d:\program files (x86)\funcode\games\shapestest\sourcecode\header\stdeffects\effect_size.h(8): warning C4018: “<”: 有符号/无符号不匹配
d:\program files (x86)\funcode\games\shapestest\sourcecode\header\stdeffects\effect_size.h(9): warning C4305: “参数”: 从“double”到“float”截断
d:\program files (x86)\funcode\games\shapestest\sourcecode\header\stdeffects\effect_size.h(9): warning C4244: “参数”: 从“int”转换到“const float”，可能丢失数据
d:\program files (x86)\funcode\games\shapestest\sourcecode\header\stdeffects\effect_size.h(21): warning C4018: “<”: 有符号/无符号不匹配
d:\program files (x86)\funcode\games\shapestest\sourcecode\header\stdeffects\effect_size.h(22): warning C4305: “参数”: 从“double”到“float”截断
d:\program files (x86)\funcode\games\shapestest\sourcecode\header\stdeffects\effect_size.h(22): warning C4244: “参数”: 从“int”转换到“const float”，可能丢失数据
  LevelManager.cpp
d:\program files (x86)\funcode\games\shapestest\sourcecode\header\dist\json\json.h(1385): warning C4996: 'Json::Reader::Char': Use CharReader and CharReaderBuilder instead
  d:\program files (x86)\funcode\games\shapestest\sourcecode\header\dist\json\json.h(1384): note: 参见“Json::Reader::Char”的声明
d:\program files (x86)\funcode\games\shapestest\sourcecode\header\dist\json\json.h(1528): warning C4996: 'Json::Reader::Location': Use CharReader and CharReaderBuilder instead
  d:\program files (x86)\funcode\games\shapestest\sourcecode\header\dist\json\json.h(1385): note: 参见“Json::Reader::Location”的声明
d:\program files (x86)\funcode\games\shapestest\sourcecode\header\dist\json\json.h(1529): warning C4996: 'Json::Reader::Location': Use CharReader and CharReaderBuilder instead
  d:\program files (x86)\funcode\games\shapestest\sourcecode\header\dist\json\json.h(1385): note: 参见“Json::Reader::Location”的声明
d:\program files (x86)\funcode\games\shapestest\sourcecode\header\dist\json\json.h(1536): warning C4996: 'Json::Reader::Location': Use CharReader and CharReaderBuilder instead
  d:\program files (x86)\funcode\games\shapestest\sourcecode\header\dist\json\json.h(1385): note: 参见“Json::Reader::Location”的声明
d:\program files (x86)\funcode\games\shapestest\sourcecode\header\dist\json\json.h(1543): warning C4996: 'Json::Reader::Location': Use CharReader and CharReaderBuilder instead
  d:\program files (x86)\funcode\games\shapestest\sourcecode\header\dist\json\json.h(1385): note: 参见“Json::Reader::Location”的声明
d:\program files (x86)\funcode\games\shapestest\sourcecode\header\dist\json\json.h(1559): warning C4996: 'Json::Reader::Location': Use CharReader and CharReaderBuilder instead
  d:\program files (x86)\funcode\games\shapestest\sourcecode\header\dist\json\json.h(1385): note: 参见“Json::Reader::Location”的声明
d:\program files (x86)\funcode\games\shapestest\sourcecode\header\dist\json\json.h(1560): warning C4996: 'Json::Reader::Location': Use CharReader and CharReaderBuilder instead
  d:\program files (x86)\funcode\games\shapestest\sourcecode\header\dist\json\json.h(1385): note: 参见“Json::Reader::Location”的声明
d:\program files (x86)\funcode\games\shapestest\sourcecode\header\dist\json\json.h(1563): warning C4996: 'Json::Reader::Location': Use CharReader and CharReaderBuilder instead
  d:\program files (x86)\funcode\games\shapestest\sourcecode\header\dist\json\json.h(1385): note: 参见“Json::Reader::Location”的声明
d:\program files (x86)\funcode\games\shapestest\sourcecode\header\dist\json\json.h(1564): warning C4996: 'Json::Reader::Location': Use CharReader and CharReaderBuilder instead
  d:\program files (x86)\funcode\games\shapestest\sourcecode\header\dist\json\json.h(1385): note: 参见“Json::Reader::Location”的声明
d:\program files (x86)\funcode\games\shapestest\sourcecode\header\dist\json\json.h(1566): warning C4996: 'Json::Reader::Location': Use CharReader and CharReaderBuilder instead
  d:\program files (x86)\funcode\games\shapestest\sourcecode\header\dist\json\json.h(1385): note: 参见“Json::Reader::Location”的声明
d:\program files (x86)\funcode\games\shapestest\sourcecode\header\dist\json\json.h(1573): warning C4996: 'Json::Reader::Char': Use CharReader and CharReaderBuilder instead
  d:\program files (x86)\funcode\games\shapestest\sourcecode\header\dist\json\json.h(1384): note: 参见“Json::Reader::Char”的声明
d:\program files (x86)\funcode\games\shapestest\sourcecode\header\dist\json\json.h(1575): warning C4996: 'Json::Reader::Location': Use CharReader and CharReaderBuilder instead
  d:\program files (x86)\funcode\games\shapestest\sourcecode\header\dist\json\json.h(1385): note: 参见“Json::Reader::Location”的声明
d:\program files (x86)\funcode\games\shapestest\sourcecode\header\dist\json\json.h(1576): warning C4996: 'Json::Reader::Location': Use CharReader and CharReaderBuilder instead
  d:\program files (x86)\funcode\games\shapestest\sourcecode\header\dist\json\json.h(1385): note: 参见“Json::Reader::Location”的声明
d:\program files (x86)\funcode\games\shapestest\sourcecode\header\dist\json\json.h(1577): warning C4996: 'Json::Reader::Location': Use CharReader and CharReaderBuilder instead
  d:\program files (x86)\funcode\games\shapestest\sourcecode\header\dist\json\json.h(1385): note: 参见“Json::Reader::Location”的声明
d:\program files (x86)\funcode\games\shapestest\sourcecode\header\dist\json\json.h(1580): warning C4996: 'Json::Reader::Location': Use CharReader and CharReaderBuilder instead
  d:\program files (x86)\funcode\games\shapestest\sourcecode\header\dist\json\json.h(1385): note: 参见“Json::Reader::Location”的声明
d:\program files (x86)\funcode\games\shapestest\sourcecode\header\dist\json\json.h(1581): warning C4996: 'Json::Reader::Location': Use CharReader and CharReaderBuilder instead
  d:\program files (x86)\funcode\games\shapestest\sourcecode\header\dist\json\json.h(1385): note: 参见“Json::Reader::Location”的声明
d:\program files (x86)\funcode\games\shapestest\sourcecode\header\dist\json\json.h(1584): warning C4996: 'Json::Reader::Nodes': Use CharReader and CharReaderBuilder instead
  d:\program files (x86)\funcode\games\shapestest\sourcecode\header\dist\json\json.h(1583): note: 参见“Json::Reader::Nodes”的声明
d:\program files (x86)\funcode\games\shapestest\sourcecode\header\dist\json\json.h(1585): warning C4996: 'Json::Reader::Errors': Use CharReader and CharReaderBuilder instead
  d:\program files (x86)\funcode\games\shapestest\sourcecode\header\dist\json\json.h(1539): note: 参见“Json::Reader::Errors”的声明
d:\program files (x86)\funcode\games\shapestest\sourcecode\header\dist\json\json.h(1587): warning C4996: 'Json::Reader::Location': Use CharReader and CharReaderBuilder instead
  d:\program files (x86)\funcode\games\shapestest\sourcecode\header\dist\json\json.h(1385): note: 参见“Json::Reader::Location”的声明
d:\program files (x86)\funcode\games\shapestest\sourcecode\header\dist\json\json.h(1588): warning C4996: 'Json::Reader::Location': Use CharReader and CharReaderBuilder instead
  d:\program files (x86)\funcode\games\shapestest\sourcecode\header\dist\json\json.h(1385): note: 参见“Json::Reader::Location”的声明
d:\program files (x86)\funcode\games\shapestest\sourcecode\header\dist\json\json.h(1589): warning C4996: 'Json::Reader::Location': Use CharReader and CharReaderBuilder instead
  d:\program files (x86)\funcode\games\shapestest\sourcecode\header\dist\json\json.h(1385): note: 参见“Json::Reader::Location”的声明
d:\program files (x86)\funcode\games\shapestest\sourcecode\header\dist\json\json.h(1590): warning C4996: 'Json::Reader::Location': Use CharReader and CharReaderBuilder instead
  d:\program files (x86)\funcode\games\shapestest\sourcecode\header\dist\json\json.h(1385): note: 参见“Json::Reader::Location”的声明
d:\program files (x86)\funcode\games\shapestest\sourcecode\header\effects.h(36): warning C4018: “<”: 有符号/无符号不匹配
d:\program files (x86)\funcode\games\shapestest\sourcecode\header\stdeffects\effect_fade.h(8): warning C4018: “<”: 有符号/无符号不匹配
d:\program files (x86)\funcode\games\shapestest\sourcecode\header\stdeffects\effect_fade.h(9): warning C4305: “参数”: 从“double”到“float”截断
d:\program files (x86)\funcode\games\shapestest\sourcecode\header\stdeffects\effect_fade.h(9): warning C4244: “参数”: 从“int”转换到“float”，可能丢失数据
d:\program files (x86)\funcode\games\shapestest\sourcecode\header\stdeffects\effect_fade.h(24): warning C4018: “<”: 有符号/无符号不匹配
d:\program files (x86)\funcode\games\shapestest\sourcecode\header\stdeffects\effect_fade.h(25): warning C4305: “参数”: 从“double”到“float”截断
d:\program files (x86)\funcode\games\shapestest\sourcecode\header\stdeffects\effect_fade.h(25): warning C4244: “参数”: 从“int”转换到“float”，可能丢失数据
d:\program files (x86)\funcode\games\shapestest\sourcecode\header\stdeffects\effect_fade.h(25): warning C4244: “参数”: 从“float”转换到“const int”，可能丢失数据
d:\program files (x86)\funcode\games\shapestest\sourcecode\header\stdeffects\effect_fade.h(39): warning C4018: “<”: 有符号/无符号不匹配
d:\program files (x86)\funcode\games\shapestest\sourcecode\header\stdeffects\effect_fade.h(40): warning C4305: “参数”: 从“double”到“float”截断
d:\program files (x86)\funcode\games\shapestest\sourcecode\header\stdeffects\effect_fade.h(40): warning C4244: “参数”: 从“int”转换到“float”，可能丢失数据
d:\program files (x86)\funcode\games\shapestest\sourcecode\header\stdeffects\effect_fade.h(41): warning C4244: “参数”: 从“int”转换到“float”，可能丢失数据
d:\program files (x86)\funcode\games\shapestest\sourcecode\header\stdeffects\effect_pos.h(9): warning C4018: “<”: 有符号/无符号不匹配
d:\program files (x86)\funcode\games\shapestest\sourcecode\header\stdeffects\effect_pos.h(10): warning C4305: “参数”: 从“double”到“float”截断
d:\program files (x86)\funcode\games\shapestest\sourcecode\header\stdeffects\effect_pos.h(10): warning C4244: “参数”: 从“int”转换到“const float”，可能丢失数据
d:\program files (x86)\funcode\games\shapestest\sourcecode\header\stdeffects\effect_pos.h(23): warning C4018: “<”: 有符号/无符号不匹配
d:\program files (x86)\funcode\games\shapestest\sourcecode\header\stdeffects\effect_pos.h(24): warning C4305: “参数”: 从“double”到“float”截断
d:\program files (x86)\funcode\games\shapestest\sourcecode\header\stdeffects\effect_pos.h(24): warning C4244: “参数”: 从“int”转换到“const float”，可能丢失数据
d:\program files (x86)\funcode\games\shapestest\sourcecode\header\stdeffects\effect_size.h(8): warning C4018: “<”: 有符号/无符号不匹配
d:\program files (x86)\funcode\games\shapestest\sourcecode\header\stdeffects\effect_size.h(9): warning C4305: “参数”: 从“double”到“float”截断
d:\program files (x86)\funcode\games\shapestest\sourcecode\header\stdeffects\effect_size.h(9): warning C4244: “参数”: 从“int”转换到“const float”，可能丢失数据
d:\program files (x86)\funcode\games\shapestest\sourcecode\header\stdeffects\effect_size.h(21): warning C4018: “<”: 有符号/无符号不匹配
d:\program files (x86)\funcode\games\shapestest\sourcecode\header\stdeffects\effect_size.h(22): warning C4305: “参数”: 从“double”到“float”截断
d:\program files (x86)\funcode\games\shapestest\sourcecode\header\stdeffects\effect_size.h(22): warning C4244: “参数”: 从“int”转换到“const float”，可能丢失数据
d:\program files (x86)\funcode\games\shapestest\sourcecode\src\levelmanager.cpp(118): warning C4244: “=”: 从“unsigned int”转换到“float”，可能丢失数据
d:\program files (x86)\funcode\games\shapestest\sourcecode\src\levelmanager.cpp(123): warning C4018: “<”: 有符号/无符号不匹配
d:\program files (x86)\funcode\games\shapestest\sourcecode\src\levelmanager.cpp(154): warning C4018: “<”: 有符号/无符号不匹配
d:\program files (x86)\funcode\games\shapestest\sourcecode\src\levelmanager.cpp(128): warning C4996: 'sprintf': This function or variable may be unsafe. Consider using sprintf_s instead. To disable deprecation, use _CRT_SECURE_NO_WARNINGS. See online help for details.
  c:\program files (x86)\windows kits\10\include\10.0.15063.0\ucrt\stdio.h(1772): note: 参见“sprintf”的声明
d:\program files (x86)\funcode\games\shapestest\sourcecode\src\levelmanager.cpp(274): warning C4018: “<”: 有符号/无符号不匹配
d:\program files (x86)\funcode\games\shapestest\sourcecode\src\levelmanager.cpp(304): warning C4018: “<”: 有符号/无符号不匹配
  Level.cpp
d:\program files (x86)\funcode\games\shapestest\sourcecode\header\dist\json\json.h(1385): warning C4996: 'Json::Reader::Char': Use CharReader and CharReaderBuilder instead
  d:\program files (x86)\funcode\games\shapestest\sourcecode\header\dist\json\json.h(1384): note: 参见“Json::Reader::Char”的声明
d:\program files (x86)\funcode\games\shapestest\sourcecode\header\dist\json\json.h(1528): warning C4996: 'Json::Reader::Location': Use CharReader and CharReaderBuilder instead
  d:\program files (x86)\funcode\games\shapestest\sourcecode\header\dist\json\json.h(1385): note: 参见“Json::Reader::Location”的声明
d:\program files (x86)\funcode\games\shapestest\sourcecode\header\dist\json\json.h(1529): warning C4996: 'Json::Reader::Location': Use CharReader and CharReaderBuilder instead
  d:\program files (x86)\funcode\games\shapestest\sourcecode\header\dist\json\json.h(1385): note: 参见“Json::Reader::Location”的声明
d:\program files (x86)\funcode\games\shapestest\sourcecode\header\dist\json\json.h(1536): warning C4996: 'Json::Reader::Location': Use CharReader and CharReaderBuilder instead
  d:\program files (x86)\funcode\games\shapestest\sourcecode\header\dist\json\json.h(1385): note: 参见“Json::Reader::Location”的声明
d:\program files (x86)\funcode\games\shapestest\sourcecode\header\dist\json\json.h(1543): warning C4996: 'Json::Reader::Location': Use CharReader and CharReaderBuilder instead
  d:\program files (x86)\funcode\games\shapestest\sourcecode\header\dist\json\json.h(1385): note: 参见“Json::Reader::Location”的声明
d:\program files (x86)\funcode\games\shapestest\sourcecode\header\dist\json\json.h(1559): warning C4996: 'Json::Reader::Location': Use CharReader and CharReaderBuilder instead
  d:\program files (x86)\funcode\games\shapestest\sourcecode\header\dist\json\json.h(1385): note: 参见“Json::Reader::Location”的声明
d:\program files (x86)\funcode\games\shapestest\sourcecode\header\dist\json\json.h(1560): warning C4996: 'Json::Reader::Location': Use CharReader and CharReaderBuilder instead
  d:\program files (x86)\funcode\games\shapestest\sourcecode\header\dist\json\json.h(1385): note: 参见“Json::Reader::Location”的声明
d:\program files (x86)\funcode\games\shapestest\sourcecode\header\dist\json\json.h(1563): warning C4996: 'Json::Reader::Location': Use CharReader and CharReaderBuilder instead
  d:\program files (x86)\funcode\games\shapestest\sourcecode\header\dist\json\json.h(1385): note: 参见“Json::Reader::Location”的声明
d:\program files (x86)\funcode\games\shapestest\sourcecode\header\dist\json\json.h(1564): warning C4996: 'Json::Reader::Location': Use CharReader and CharReaderBuilder instead
  d:\program files (x86)\funcode\games\shapestest\sourcecode\header\dist\json\json.h(1385): note: 参见“Json::Reader::Location”的声明
d:\program files (x86)\funcode\games\shapestest\sourcecode\header\dist\json\json.h(1566): warning C4996: 'Json::Reader::Location': Use CharReader and CharReaderBuilder instead
  d:\program files (x86)\funcode\games\shapestest\sourcecode\header\dist\json\json.h(1385): note: 参见“Json::Reader::Location”的声明
d:\program files (x86)\funcode\games\shapestest\sourcecode\header\dist\json\json.h(1573): warning C4996: 'Json::Reader::Char': Use CharReader and CharReaderBuilder instead
  d:\program files (x86)\funcode\games\shapestest\sourcecode\header\dist\json\json.h(1384): note: 参见“Json::Reader::Char”的声明
d:\program files (x86)\funcode\games\shapestest\sourcecode\header\dist\json\json.h(1575): warning C4996: 'Json::Reader::Location': Use CharReader and CharReaderBuilder instead
  d:\program files (x86)\funcode\games\shapestest\sourcecode\header\dist\json\json.h(1385): note: 参见“Json::Reader::Location”的声明
d:\program files (x86)\funcode\games\shapestest\sourcecode\header\dist\json\json.h(1576): warning C4996: 'Json::Reader::Location': Use CharReader and CharReaderBuilder instead
  d:\program files (x86)\funcode\games\shapestest\sourcecode\header\dist\json\json.h(1385): note: 参见“Json::Reader::Location”的声明
d:\program files (x86)\funcode\games\shapestest\sourcecode\header\dist\json\json.h(1577): warning C4996: 'Json::Reader::Location': Use CharReader and CharReaderBuilder instead
  d:\program files (x86)\funcode\games\shapestest\sourcecode\header\dist\json\json.h(1385): note: 参见“Json::Reader::Location”的声明
d:\program files (x86)\funcode\games\shapestest\sourcecode\header\dist\json\json.h(1580): warning C4996: 'Json::Reader::Location': Use CharReader and CharReaderBuilder instead
  d:\program files (x86)\funcode\games\shapestest\sourcecode\header\dist\json\json.h(1385): note: 参见“Json::Reader::Location”的声明
d:\program files (x86)\funcode\games\shapestest\sourcecode\header\dist\json\json.h(1581): warning C4996: 'Json::Reader::Location': Use CharReader and CharReaderBuilder instead
  d:\program files (x86)\funcode\games\shapestest\sourcecode\header\dist\json\json.h(1385): note: 参见“Json::Reader::Location”的声明
d:\program files (x86)\funcode\games\shapestest\sourcecode\header\dist\json\json.h(1584): warning C4996: 'Json::Reader::Nodes': Use CharReader and CharReaderBuilder instead
  d:\program files (x86)\funcode\games\shapestest\sourcecode\header\dist\json\json.h(1583): note: 参见“Json::Reader::Nodes”的声明
d:\program files (x86)\funcode\games\shapestest\sourcecode\header\dist\json\json.h(1585): warning C4996: 'Json::Reader::Errors': Use CharReader and CharReaderBuilder instead
  d:\program files (x86)\funcode\games\shapestest\sourcecode\header\dist\json\json.h(1539): note: 参见“Json::Reader::Errors”的声明
d:\program files (x86)\funcode\games\shapestest\sourcecode\header\dist\json\json.h(1587): warning C4996: 'Json::Reader::Location': Use CharReader and CharReaderBuilder instead
  d:\program files (x86)\funcode\games\shapestest\sourcecode\header\dist\json\json.h(1385): note: 参见“Json::Reader::Location”的声明
d:\program files (x86)\funcode\games\shapestest\sourcecode\header\dist\json\json.h(1588): warning C4996: 'Json::Reader::Location': Use CharReader and CharReaderBuilder instead
  d:\program files (x86)\funcode\games\shapestest\sourcecode\header\dist\json\json.h(1385): note: 参见“Json::Reader::Location”的声明
d:\program files (x86)\funcode\games\shapestest\sourcecode\header\dist\json\json.h(1589): warning C4996: 'Json::Reader::Location': Use CharReader and CharReaderBuilder instead
  d:\program files (x86)\funcode\games\shapestest\sourcecode\header\dist\json\json.h(1385): note: 参见“Json::Reader::Location”的声明
d:\program files (x86)\funcode\games\shapestest\sourcecode\header\dist\json\json.h(1590): warning C4996: 'Json::Reader::Location': Use CharReader and CharReaderBuilder instead
  d:\program files (x86)\funcode\games\shapestest\sourcecode\header\dist\json\json.h(1385): note: 参见“Json::Reader::Location”的声明
d:\program files (x86)\funcode\games\shapestest\sourcecode\src\level.cpp(26): warning C4996: 'Json::Reader': Use CharReader and CharReaderBuilder instead
  d:\program files (x86)\funcode\games\shapestest\sourcecode\header\dist\json\json.h(1382): note: 参见“Json::Reader”的声明
d:\program files (x86)\funcode\games\shapestest\sourcecode\src\level.cpp(26): warning C4996: 'Json::Reader::Reader': Use CharReader and CharReaderBuilder instead
  d:\program files (x86)\funcode\games\shapestest\sourcecode\header\dist\json\json.h(1402): note: 参见“Json::Reader::Reader”的声明
d:\program files (x86)\funcode\games\shapestest\sourcecode\src\level.cpp(28): warning C4996: 'Json::Reader::parse': Use CharReader and CharReaderBuilder instead
  d:\program files (x86)\funcode\games\shapestest\sourcecode\header\dist\json\json.h(1451): note: 参见“Json::Reader::parse”的声明
d:\program files (x86)\funcode\games\shapestest\sourcecode\src\level.cpp(54): warning C4996: 'Json::Reader::nodes_': Use CharReader and CharReaderBuilder instead
  d:\program files (x86)\funcode\games\shapestest\sourcecode\header\dist\json\json.h(1584): note: 参见“Json::Reader::nodes_”的声明
  d:\program files (x86)\funcode\games\shapestest\sourcecode\src\level.cpp(54): note: 此诊断出现在编译器生成的函数“Json::Reader::~Reader(void)”中
d:\program files (x86)\funcode\games\shapestest\sourcecode\src\level.cpp(54): warning C4996: 'Json::Reader::errors_': Use CharReader and CharReaderBuilder instead
  d:\program files (x86)\funcode\games\shapestest\sourcecode\header\dist\json\json.h(1585): note: 参见“Json::Reader::errors_”的声明
  d:\program files (x86)\funcode\games\shapestest\sourcecode\src\level.cpp(54): note: 此诊断出现在编译器生成的函数“Json::Reader::~Reader(void)”中
d:\program files (x86)\funcode\games\shapestest\sourcecode\src\level.cpp(54): warning C4996: 'Json::Reader::document_': Use CharReader and CharReaderBuilder instead
  d:\program files (x86)\funcode\games\shapestest\sourcecode\header\dist\json\json.h(1586): note: 参见“Json::Reader::document_”的声明
  d:\program files (x86)\funcode\games\shapestest\sourcecode\src\level.cpp(54): note: 此诊断出现在编译器生成的函数“Json::Reader::~Reader(void)”中
d:\program files (x86)\funcode\games\shapestest\sourcecode\src\level.cpp(54): warning C4996: 'Json::Reader::commentsBefore_': Use CharReader and CharReaderBuilder instead
  d:\program files (x86)\funcode\games\shapestest\sourcecode\header\dist\json\json.h(1592): note: 参见“Json::Reader::commentsBefore_”的声明
  d:\program files (x86)\funcode\games\shapestest\sourcecode\src\level.cpp(54): note: 此诊断出现在编译器生成的函数“Json::Reader::~Reader(void)”中
  LessonX.cpp
d:\program files (x86)\funcode\games\shapestest\sourcecode\header\dist\json\json.h(1385): warning C4996: 'Json::Reader::Char': Use CharReader and CharReaderBuilder instead
  d:\program files (x86)\funcode\games\shapestest\sourcecode\header\dist\json\json.h(1384): note: 参见“Json::Reader::Char”的声明
d:\program files (x86)\funcode\games\shapestest\sourcecode\header\dist\json\json.h(1528): warning C4996: 'Json::Reader::Location': Use CharReader and CharReaderBuilder instead
  d:\program files (x86)\funcode\games\shapestest\sourcecode\header\dist\json\json.h(1385): note: 参见“Json::Reader::Location”的声明
d:\program files (x86)\funcode\games\shapestest\sourcecode\header\dist\json\json.h(1529): warning C4996: 'Json::Reader::Location': Use CharReader and CharReaderBuilder instead
  d:\program files (x86)\funcode\games\shapestest\sourcecode\header\dist\json\json.h(1385): note: 参见“Json::Reader::Location”的声明
d:\program files (x86)\funcode\games\shapestest\sourcecode\header\dist\json\json.h(1536): warning C4996: 'Json::Reader::Location': Use CharReader and CharReaderBuilder instead
  d:\program files (x86)\funcode\games\shapestest\sourcecode\header\dist\json\json.h(1385): note: 参见“Json::Reader::Location”的声明
d:\program files (x86)\funcode\games\shapestest\sourcecode\header\dist\json\json.h(1543): warning C4996: 'Json::Reader::Location': Use CharReader and CharReaderBuilder instead
  d:\program files (x86)\funcode\games\shapestest\sourcecode\header\dist\json\json.h(1385): note: 参见“Json::Reader::Location”的声明
d:\program files (x86)\funcode\games\shapestest\sourcecode\header\dist\json\json.h(1559): warning C4996: 'Json::Reader::Location': Use CharReader and CharReaderBuilder instead
  d:\program files (x86)\funcode\games\shapestest\sourcecode\header\dist\json\json.h(1385): note: 参见“Json::Reader::Location”的声明
d:\program files (x86)\funcode\games\shapestest\sourcecode\header\dist\json\json.h(1560): warning C4996: 'Json::Reader::Location': Use CharReader and CharReaderBuilder instead
  d:\program files (x86)\funcode\games\shapestest\sourcecode\header\dist\json\json.h(1385): note: 参见“Json::Reader::Location”的声明
d:\program files (x86)\funcode\games\shapestest\sourcecode\header\dist\json\json.h(1563): warning C4996: 'Json::Reader::Location': Use CharReader and CharReaderBuilder instead
  d:\program files (x86)\funcode\games\shapestest\sourcecode\header\dist\json\json.h(1385): note: 参见“Json::Reader::Location”的声明
d:\program files (x86)\funcode\games\shapestest\sourcecode\header\dist\json\json.h(1564): warning C4996: 'Json::Reader::Location': Use CharReader and CharReaderBuilder instead
  d:\program files (x86)\funcode\games\shapestest\sourcecode\header\dist\json\json.h(1385): note: 参见“Json::Reader::Location”的声明
d:\program files (x86)\funcode\games\shapestest\sourcecode\header\dist\json\json.h(1566): warning C4996: 'Json::Reader::Location': Use CharReader and CharReaderBuilder instead
  d:\program files (x86)\funcode\games\shapestest\sourcecode\header\dist\json\json.h(1385): note: 参见“Json::Reader::Location”的声明
d:\program files (x86)\funcode\games\shapestest\sourcecode\header\dist\json\json.h(1573): warning C4996: 'Json::Reader::Char': Use CharReader and CharReaderBuilder instead
  d:\program files (x86)\funcode\games\shapestest\sourcecode\header\dist\json\json.h(1384): note: 参见“Json::Reader::Char”的声明
d:\program files (x86)\funcode\games\shapestest\sourcecode\header\dist\json\json.h(1575): warning C4996: 'Json::Reader::Location': Use CharReader and CharReaderBuilder instead
  d:\program files (x86)\funcode\games\shapestest\sourcecode\header\dist\json\json.h(1385): note: 参见“Json::Reader::Location”的声明
d:\program files (x86)\funcode\games\shapestest\sourcecode\header\dist\json\json.h(1576): warning C4996: 'Json::Reader::Location': Use CharReader and CharReaderBuilder instead
  d:\program files (x86)\funcode\games\shapestest\sourcecode\header\dist\json\json.h(1385): note: 参见“Json::Reader::Location”的声明
d:\program files (x86)\funcode\games\shapestest\sourcecode\header\dist\json\json.h(1577): warning C4996: 'Json::Reader::Location': Use CharReader and CharReaderBuilder instead
  d:\program files (x86)\funcode\games\shapestest\sourcecode\header\dist\json\json.h(1385): note: 参见“Json::Reader::Location”的声明
d:\program files (x86)\funcode\games\shapestest\sourcecode\header\dist\json\json.h(1580): warning C4996: 'Json::Reader::Location': Use CharReader and CharReaderBuilder instead
  d:\program files (x86)\funcode\games\shapestest\sourcecode\header\dist\json\json.h(1385): note: 参见“Json::Reader::Location”的声明
d:\program files (x86)\funcode\games\shapestest\sourcecode\header\dist\json\json.h(1581): warning C4996: 'Json::Reader::Location': Use CharReader and CharReaderBuilder instead
  d:\program files (x86)\funcode\games\shapestest\sourcecode\header\dist\json\json.h(1385): note: 参见“Json::Reader::Location”的声明
d:\program files (x86)\funcode\games\shapestest\sourcecode\header\dist\json\json.h(1584): warning C4996: 'Json::Reader::Nodes': Use CharReader and CharReaderBuilder instead
  d:\program files (x86)\funcode\games\shapestest\sourcecode\header\dist\json\json.h(1583): note: 参见“Json::Reader::Nodes”的声明
d:\program files (x86)\funcode\games\shapestest\sourcecode\header\dist\json\json.h(1585): warning C4996: 'Json::Reader::Errors': Use CharReader and CharReaderBuilder instead
  d:\program files (x86)\funcode\games\shapestest\sourcecode\header\dist\json\json.h(1539): note: 参见“Json::Reader::Errors”的声明
d:\program files (x86)\funcode\games\shapestest\sourcecode\header\dist\json\json.h(1587): warning C4996: 'Json::Reader::Location': Use CharReader and CharReaderBuilder instead
  d:\program files (x86)\funcode\games\shapestest\sourcecode\header\dist\json\json.h(1385): note: 参见“Json::Reader::Location”的声明
d:\program files (x86)\funcode\games\shapestest\sourcecode\header\dist\json\json.h(1588): warning C4996: 'Json::Reader::Location': Use CharReader and CharReaderBuilder instead
  d:\program files (x86)\funcode\games\shapestest\sourcecode\header\dist\json\json.h(1385): note: 参见“Json::Reader::Location”的声明
d:\program files (x86)\funcode\games\shapestest\sourcecode\header\dist\json\json.h(1589): warning C4996: 'Json::Reader::Location': Use CharReader and CharReaderBuilder instead
  d:\program files (x86)\funcode\games\shapestest\sourcecode\header\dist\json\json.h(1385): note: 参见“Json::Reader::Location”的声明
d:\program files (x86)\funcode\games\shapestest\sourcecode\header\dist\json\json.h(1590): warning C4996: 'Json::Reader::Location': Use CharReader and CharReaderBuilder instead
  d:\program files (x86)\funcode\games\shapestest\sourcecode\header\dist\json\json.h(1385): note: 参见“Json::Reader::Location”的声明
d:\program files (x86)\funcode\games\shapestest\sourcecode\header\effects.h(36): warning C4018: “<”: 有符号/无符号不匹配
d:\program files (x86)\funcode\games\shapestest\sourcecode\header\stdeffects\effect_fade.h(8): warning C4018: “<”: 有符号/无符号不匹配
d:\program files (x86)\funcode\games\shapestest\sourcecode\header\stdeffects\effect_fade.h(9): warning C4305: “参数”: 从“double”到“float”截断
d:\program files (x86)\funcode\games\shapestest\sourcecode\header\stdeffects\effect_fade.h(9): warning C4244: “参数”: 从“int”转换到“float”，可能丢失数据
d:\program files (x86)\funcode\games\shapestest\sourcecode\header\stdeffects\effect_fade.h(24): warning C4018: “<”: 有符号/无符号不匹配
d:\program files (x86)\funcode\games\shapestest\sourcecode\header\stdeffects\effect_fade.h(25): warning C4305: “参数”: 从“double”到“float”截断
d:\program files (x86)\funcode\games\shapestest\sourcecode\header\stdeffects\effect_fade.h(25): warning C4244: “参数”: 从“int”转换到“float”，可能丢失数据
d:\program files (x86)\funcode\games\shapestest\sourcecode\header\stdeffects\effect_fade.h(25): warning C4244: “参数”: 从“float”转换到“const int”，可能丢失数据
d:\program files (x86)\funcode\games\shapestest\sourcecode\header\stdeffects\effect_fade.h(39): warning C4018: “<”: 有符号/无符号不匹配
d:\program files (x86)\funcode\games\shapestest\sourcecode\header\stdeffects\effect_fade.h(40): warning C4305: “参数”: 从“double”到“float”截断
d:\program files (x86)\funcode\games\shapestest\sourcecode\header\stdeffects\effect_fade.h(40): warning C4244: “参数”: 从“int”转换到“float”，可能丢失数据
d:\program files (x86)\funcode\games\shapestest\sourcecode\header\stdeffects\effect_fade.h(41): warning C4244: “参数”: 从“int”转换到“float”，可能丢失数据
d:\program files (x86)\funcode\games\shapestest\sourcecode\header\stdeffects\effect_pos.h(9): warning C4018: “<”: 有符号/无符号不匹配
d:\program files (x86)\funcode\games\shapestest\sourcecode\header\stdeffects\effect_pos.h(10): warning C4305: “参数”: 从“double”到“float”截断
d:\program files (x86)\funcode\games\shapestest\sourcecode\header\stdeffects\effect_pos.h(10): warning C4244: “参数”: 从“int”转换到“const float”，可能丢失数据
d:\program files (x86)\funcode\games\shapestest\sourcecode\header\stdeffects\effect_pos.h(23): warning C4018: “<”: 有符号/无符号不匹配
d:\program files (x86)\funcode\games\shapestest\sourcecode\header\stdeffects\effect_pos.h(24): warning C4305: “参数”: 从“double”到“float”截断
d:\program files (x86)\funcode\games\shapestest\sourcecode\header\stdeffects\effect_pos.h(24): warning C4244: “参数”: 从“int”转换到“const float”，可能丢失数据
d:\program files (x86)\funcode\games\shapestest\sourcecode\header\stdeffects\effect_size.h(8): warning C4018: “<”: 有符号/无符号不匹配
d:\program files (x86)\funcode\games\shapestest\sourcecode\header\stdeffects\effect_size.h(9): warning C4305: “参数”: 从“double”到“float”截断
d:\program files (x86)\funcode\games\shapestest\sourcecode\header\stdeffects\effect_size.h(9): warning C4244: “参数”: 从“int”转换到“const float”，可能丢失数据
d:\program files (x86)\funcode\games\shapestest\sourcecode\header\stdeffects\effect_size.h(21): warning C4018: “<”: 有符号/无符号不匹配
d:\program files (x86)\funcode\games\shapestest\sourcecode\header\stdeffects\effect_size.h(22): warning C4305: “参数”: 从“double”到“float”截断
d:\program files (x86)\funcode\games\shapestest\sourcecode\header\stdeffects\effect_size.h(22): warning C4244: “参数”: 从“int”转换到“const float”，可能丢失数据
  正在生成代码...
  正在跳过...(未检测到相关更改)
  Effect_process_bar.cpp
LINK : fatal error LNK1104: 无法打开文件“..\..\..\Bin\Game.exe”
